<?xml version="1.0" encoding="UTF-8"?>
<!-- Generated by org.testng.reporters.JUnitXMLReporter -->
<testsuite ignored="0" hostname="LAPTOP-7DCLOBJT" failures="1" tests="1" name="demoBlazeTest-mozilla" time="0.016" errors="0" timestamp="2022-07-11T21:42:30 IST">
  <testcase classname="stepDefinition.hooks" name="@BeforeTest setUp" time="0.002">
    <failure type="java.lang.IllegalArgumentException" message="key can&amp;apos;t be empty">
      <![CDATA[java.lang.IllegalArgumentException: key can't be empty
at java.base/java.lang.System.checkKey(System.java:1064)
at java.base/java.lang.System.setProperty(System.java:1007)
at stepDefinition.hooks.setUp(hooks.java:46)
... Removed 22 stack frames]]>
    </failure>
  </testcase> <!-- @BeforeTest setUp -->
  <testcase classname="stepDefinition.hooks" name="@AfterTest tearDown" time="-1.657555950342E9">
    <skipped/>
  </testcase> <!-- @AfterTest tearDown -->
  <testcase classname="stepDefinition.stepDefinitionClass" name="user_enter_the_url_of_demo_blaze_web_site" time="0.0">
    <failure type="org.testng.TestNGException" message="
Cannot inject @Test annotated Method [user_enter_the_url_of_demo_blaze_web_site] with [class java.lang.String].
For more information on native dependency injection please refer to https://testng.org/doc/documentation-main.html#native-dependency-injection">
      <![CDATA[org.testng.TestNGException: 
Cannot inject @Test annotated Method [user_enter_the_url_of_demo_blaze_web_site] with [class java.lang.String].
For more information on native dependency injection please refer to https://testng.org/doc/documentation-main.html#native-dependency-injection
at java.base/java.util.ArrayList.forEach(ArrayList.java:1511)
... Removed 26 stack frames]]>
    </failure>
  </testcase> <!-- user_enter_the_url_of_demo_blaze_web_site -->
</testsuite> <!-- demoBlazeTest-mozilla -->
